CRITICAL - 2021-10-28 11:53:23 --> Undefined property: App\Controllers\Home::$load
#0 /Applications/MAMP/htdocs/Covid19project/app/Controllers/Home.php(9): CodeIgniter\Debug\Exceptions->errorHandler(2, 'Undefined prope...', '/Applications/M...', 9)
#1 /Applications/MAMP/htdocs/Covid19project/system/CodeIgniter.php(802): App\Controllers\Home->index()
#2 /Applications/MAMP/htdocs/Covid19project/system/CodeIgniter.php(399): CodeIgniter\CodeIgniter->runController(Object(App\Controllers\Home))
#3 /Applications/MAMP/htdocs/Covid19project/system/CodeIgniter.php(317): CodeIgniter\CodeIgniter->handleRequest(NULL, Object(Config\Cache), false)
#4 /Applications/MAMP/htdocs/Covid19project/public/index.php(37): CodeIgniter\CodeIgniter->run()
#5 /Applications/MAMP/htdocs/Covid19project/system/Commands/Server/rewrite.php(43): require_once('/Applications/M...')
#6 {main}
CRITICAL - 2021-10-28 11:53:30 --> Undefined property: App\Controllers\Home::$load
#0 /Applications/MAMP/htdocs/Covid19project/app/Controllers/Home.php(9): CodeIgniter\Debug\Exceptions->errorHandler(2, 'Undefined prope...', '/Applications/M...', 9)
#1 /Applications/MAMP/htdocs/Covid19project/system/CodeIgniter.php(802): App\Controllers\Home->index()
#2 /Applications/MAMP/htdocs/Covid19project/system/CodeIgniter.php(399): CodeIgniter\CodeIgniter->runController(Object(App\Controllers\Home))
#3 /Applications/MAMP/htdocs/Covid19project/system/CodeIgniter.php(317): CodeIgniter\CodeIgniter->handleRequest(NULL, Object(Config\Cache), false)
#4 /Applications/MAMP/htdocs/Covid19project/public/index.php(37): CodeIgniter\CodeIgniter->run()
#5 /Applications/MAMP/htdocs/Covid19project/system/Commands/Server/rewrite.php(43): require_once('/Applications/M...')
#6 {main}
CRITICAL - 2021-10-28 11:55:00 --> Undefined property: App\Controllers\Home::$load
#0 /Applications/MAMP/htdocs/Covid19project/app/Controllers/Home.php(9): CodeIgniter\Debug\Exceptions->errorHandler(2, 'Undefined prope...', '/Applications/M...', 9)
#1 /Applications/MAMP/htdocs/Covid19project/system/CodeIgniter.php(802): App\Controllers\Home->index()
#2 /Applications/MAMP/htdocs/Covid19project/system/CodeIgniter.php(399): CodeIgniter\CodeIgniter->runController(Object(App\Controllers\Home))
#3 /Applications/MAMP/htdocs/Covid19project/system/CodeIgniter.php(317): CodeIgniter\CodeIgniter->handleRequest(NULL, Object(Config\Cache), false)
#4 /Applications/MAMP/htdocs/Covid19project/public/index.php(37): CodeIgniter\CodeIgniter->run()
#5 /Applications/MAMP/htdocs/Covid19project/system/Commands/Server/rewrite.php(43): require_once('/Applications/M...')
#6 {main}
